# JRE version: Java(TM) SE Runtime Environment (8.0_281-b09) (build 1.8.0_281-b09)
# Java VM: Java HotSpot(TM) 64-Bit Server VM (25.281-b09 mixed mode windows-amd64 compressed oops)
Heap:
 PSYoungGen      total 159744K, used 87235K [0x00000000f5580000, 0x0000000100000000, 0x0000000100000000)
  eden space 146944K, 51% used [0x00000000f5580000,0x00000000f9f37620,0x00000000fe500000)
  from space 12800K, 91% used [0x00000000ff380000,0x00000000ffef9920,0x0000000100000000)
  to   space 13824K, 0% used [0x00000000fe500000,0x00000000fe500000,0x00000000ff280000)
 ParOldGen       total 175104K, used 16872K [0x00000000e0000000, 0x00000000eab00000, 0x00000000f5580000)
  object space 175104K, 9% used [0x00000000e0000000,0x00000000e107a1b8,0x00000000eab00000)
 Metaspace       used 47979K, capacity 50050K, committed 50176K, reserved 1091584K
  class space    used 6634K, capacity 7144K, committed 7168K, reserved 1048576K
GC Heap History (10 events):
Event: 3.734 GC heap before
{Heap before GC invocations=6 (full 1):
 PSYoungGen      total 76288K, used 65536K [0x00000000f5580000, 0x00000000fea80000, 0x0000000100000000)
  eden space 65536K, 100% used [0x00000000f5580000,0x00000000f9580000,0x00000000f9580000)
  from space 10752K, 0% used [0x00000000fa000000,0x00000000fa000000,0x00000000faa80000)
  to   space 10752K, 0% used [0x00000000f9580000,0x00000000f9580000,0x00000000fa000000)
 ParOldGen       total 175104K, used 6981K [0x00000000e0000000, 0x00000000eab00000, 0x00000000f5580000)
  object space 175104K, 3% used [0x00000000e0000000,0x00000000e06d16a0,0x00000000eab00000)
 Metaspace       used 29110K, capacity 29778K, committed 30080K, reserved 1075200K
  class space    used 3976K, capacity 4163K, committed 4224K, reserved 1048576K
Event: 3.739 GC heap after
Heap after GC invocations=6 (full 1):
 PSYoungGen      total 76288K, used 8381K [0x00000000f5580000, 0x00000000fd900000, 0x0000000100000000)
  eden space 65536K, 0% used [0x00000000f5580000,0x00000000f5580000,0x00000000f9580000)
  from space 10752K, 77% used [0x00000000f9580000,0x00000000f9daf6d0,0x00000000fa000000)
  to   space 12288K, 0% used [0x00000000fcd00000,0x00000000fcd00000,0x00000000fd900000)
 ParOldGen       total 175104K, used 6989K [0x00000000e0000000, 0x00000000eab00000, 0x00000000f5580000)
  object space 175104K, 3% used [0x00000000e0000000,0x00000000e06d36a0,0x00000000eab00000)
 Metaspace       used 29110K, capacity 29778K, committed 30080K, reserved 1075200K
  class space    used 3976K, capacity 4163K, committed 4224K, reserved 1048576K
}
Event: 5.883 GC heap before
{Heap before GC invocations=7 (full 1):
 PSYoungGen      total 76288K, used 73917K [0x00000000f5580000, 0x00000000fd900000, 0x0000000100000000)
  eden space 65536K, 100% used [0x00000000f5580000,0x00000000f9580000,0x00000000f9580000)
  from space 10752K, 77% used [0x00000000f9580000,0x00000000f9daf6d0,0x00000000fa000000)
  to   space 12288K, 0% used [0x00000000fcd00000,0x00000000fcd00000,0x00000000fd900000)
 ParOldGen       total 175104K, used 6989K [0x00000000e0000000, 0x00000000eab00000, 0x00000000f5580000)
  object space 175104K, 3% used [0x00000000e0000000,0x00000000e06d36a0,0x00000000eab00000)
 Metaspace       used 32141K, capacity 33036K, committed 33152K, reserved 1077248K
  class space    used 4492K, capacity 4721K, committed 4736K, reserved 1048576K
Event: 5.893 GC heap after
Heap after GC invocations=7 (full 1):
 PSYoungGen      total 117248K, used 10120K [0x00000000f5580000, 0x00000000fd700000, 0x0000000100000000)
  eden space 107008K, 0% used [0x00000000f5580000,0x00000000f5580000,0x00000000fbe00000)
  from space 10240K, 98% used [0x00000000fcd00000,0x00000000fd6e2370,0x00000000fd700000)
  to   space 12800K, 0% used [0x00000000fbe00000,0x00000000fbe00000,0x00000000fca80000)
 ParOldGen       total 175104K, used 6997K [0x00000000e0000000, 0x00000000eab00000, 0x00000000f5580000)
  object space 175104K, 3% used [0x00000000e0000000,0x00000000e06d56a0,0x00000000eab00000)
 Metaspace       used 32141K, capacity 33036K, committed 33152K, reserved 1077248K
  class space    used 4492K, capacity 4721K, committed 4736K, reserved 1048576K
}
Event: 6.227 GC heap before
{Heap before GC invocations=8 (full 1):
 PSYoungGen      total 117248K, used 55833K [0x00000000f5580000, 0x00000000fd700000, 0x0000000100000000)
  eden space 107008K, 42% used [0x00000000f5580000,0x00000000f82240c0,0x00000000fbe00000)
  from space 10240K, 98% used [0x00000000fcd00000,0x00000000fd6e2370,0x00000000fd700000)
  to   space 12800K, 0% used [0x00000000fbe00000,0x00000000fbe00000,0x00000000fca80000)
 ParOldGen       total 175104K, used 6997K [0x00000000e0000000, 0x00000000eab00000, 0x00000000f5580000)
  object space 175104K, 3% used [0x00000000e0000000,0x00000000e06d56a0,0x00000000eab00000)
 Metaspace       used 34245K, capacity 35348K, committed 35496K, reserved 1079296K
  class space    used 4818K, capacity 5093K, committed 5120K, reserved 1048576K
Event: 6.236 GC heap after
Heap after GC invocations=8 (full 1):
 PSYoungGen      total 119808K, used 10561K [0x00000000f5580000, 0x0000000100000000, 0x0000000100000000)
  eden space 107008K, 0% used [0x00000000f5580000,0x00000000f5580000,0x00000000fbe00000)
  from space 12800K, 82% used [0x00000000fbe00000,0x00000000fc8507f0,0x00000000fca80000)
  to   space 12800K, 0% used [0x00000000ff380000,0x00000000ff380000,0x0000000100000000)
 ParOldGen       total 175104K, used 7005K [0x00000000e0000000, 0x00000000eab00000, 0x00000000f5580000)
  object space 175104K, 4% used [0x00000000e0000000,0x00000000e06d76a0,0x00000000eab00000)
 Metaspace       used 34245K, capacity 35348K, committed 35496K, reserved 1079296K
  class space    used 4818K, capacity 5093K, committed 5120K, reserved 1048576K
}
Event: 6.236 GC heap before
{Heap before GC invocations=9 (full 2):
 PSYoungGen      total 119808K, used 10561K [0x00000000f5580000, 0x0000000100000000, 0x0000000100000000)
  eden space 107008K, 0% used [0x00000000f5580000,0x00000000f5580000,0x00000000fbe00000)
  from space 12800K, 82% used [0x00000000fbe00000,0x00000000fc8507f0,0x00000000fca80000)
  to   space 12800K, 0% used [0x00000000ff380000,0x00000000ff380000,0x0000000100000000)
 ParOldGen       total 175104K, used 7005K [0x00000000e0000000, 0x00000000eab00000, 0x00000000f5580000)
  object space 175104K, 4% used [0x00000000e0000000,0x00000000e06d76a0,0x00000000eab00000)
 Metaspace       used 34245K, capacity 35348K, committed 35496K, reserved 1079296K
  class space    used 4818K, capacity 5093K, committed 5120K, reserved 1048576K
Event: 6.289 GC heap after
Heap after GC invocations=9 (full 2):
 PSYoungGen      total 119808K, used 0K [0x00000000f5580000, 0x0000000100000000, 0x0000000100000000)
  eden space 107008K, 0% used [0x00000000f5580000,0x00000000f5580000,0x00000000fbe00000)
  from space 12800K, 0% used [0x00000000fbe00000,0x00000000fbe00000,0x00000000fca80000)
  to   space 12800K, 0% used [0x00000000ff380000,0x00000000ff380000,0x0000000100000000)
 ParOldGen       total 175104K, used 16864K [0x00000000e0000000, 0x00000000eab00000, 0x00000000f5580000)
  object space 175104K, 9% used [0x00000000e0000000,0x00000000e10781b8,0x00000000eab00000)
 Metaspace       used 34245K, capacity 35348K, committed 35496K, reserved 1079296K
  class space    used 4818K, capacity 5093K, committed 5120K, reserved 1048576K
}
Event: 7.834 GC heap before
{Heap before GC invocations=10 (full 2):
 PSYoungGen      total 119808K, used 107008K [0x00000000f5580000, 0x0000000100000000, 0x0000000100000000)
  eden space 107008K, 100% used [0x00000000f5580000,0x00000000fbe00000,0x00000000fbe00000)
  from space 12800K, 0% used [0x00000000fbe00000,0x00000000fbe00000,0x00000000fca80000)
  to   space 12800K, 0% used [0x00000000ff380000,0x00000000ff380000,0x0000000100000000)
 ParOldGen       total 175104K, used 16864K [0x00000000e0000000, 0x00000000eab00000, 0x00000000f5580000)
  object space 175104K, 9% used [0x00000000e0000000,0x00000000e10781b8,0x00000000eab00000)
 Metaspace       used 43369K, capacity 45178K, committed 45440K, reserved 1087488K
  class space    used 6048K, capacity 6492K, committed 6528K, reserved 1048576K
Event: 7.844 GC heap after
Heap after GC invocations=10 (full 2):
 PSYoungGen      total 159744K, used 11750K [0x00000000f5580000, 0x0000000100000000, 0x0000000100000000)
  eden space 146944K, 0% used [0x00000000f5580000,0x00000000f5580000,0x00000000fe500000)
  from space 12800K, 91% used [0x00000000ff380000,0x00000000ffef9920,0x0000000100000000)
  to   space 13824K, 0% used [0x00000000fe500000,0x00000000fe500000,0x00000000ff280000)
 ParOldGen       total 175104K, used 16872K [0x00000000e0000000, 0x00000000eab00000, 0x00000000f5580000)
  object space 175104K, 9% used [0x00000000e0000000,0x00000000e107a1b8,0x00000000eab00000)
 Metaspace       used 43369K, capacity 45178K, committed 45440K, reserved 1087488K
  class space    used 6048K, capacity 6492K, committed 6528K, reserved 1048576K
}

